{"level":"info","message":"something went wrong"}
{"level":"error","message":"something went wrong"}
{"level":"error","message":"something went wrong"}
{"level":"error"}
{"level":"error"}
{"level":"info"}
{"level":"info","message":"something went wrong during startup"}
{"level":"info","message":"unhandledRejection"}
{"level":"info","message":"unhandledRejection"}
{"level":"info","message":"unhandledRejection"}
{"level":"info","message":"unhandledRejection"}
{"level":"info","message":"unhandledRejection"}
{"level":"info","message":"unhandledRejection"}
{"level":"info","message":"unhandledRejection"}
{"level":"info","message":"unhandledRejection"}
{"level":"info","message":"unhandledRejection"}
{"level":"info","message":"unhandledRejection"}
{"level":"info","message":"unhandledRejection"}
{"level":"info","message":"Cannot create property 'Symbol(level)' on string 'listening on port: 3000'"}
{"level":"info","message":"Cannot create property 'Symbol(level)' on string 'listening on port: 3000'"}
{"level":"info","message":"Cannot create property 'Symbol(level)' on string 'listening on port: 3000'"}
{"level":"info","message":"Cannot create property 'Symbol(level)' on string 'listening on port: 3000'"}
{"level":"info","message":"Cannot create property 'Symbol(level)' on string 'listening on port: 3000'"}
{"level":"info","message":"Cannot create property 'Symbol(level)' on string 'listening on port: 3000'"}
{"level":"info","message":"Cannot create property 'Symbol(level)' on string 'listening on port: 3000'"}
{"level":"info","message":"Cannot create property 'Symbol(level)' on string 'listening on port: 3000'"}
{"level":"info","message":"Cannot create property 'Symbol(level)' on string 'listening on port: 3000'"}
